2021-12-11 11:38:57,663 INFO com.revture.project2.reimbursement.aop.LoggingAspect [http-nio-8080-exec-7] BOOKCRUD - Spring Boot Logging AOP EXAMPLE - Execution time of UsersServicEmpliment.logIn :: 107 ms
2021-12-11 11:39:02,303 INFO com.revture.project2.reimbursement.aop.LoggingAspect [http-nio-8080-exec-8] BOOKCRUD - Spring Boot Logging AOP EXAMPLE - Execution time of RequestServicEmpliment.userPendingRequestes :: 13 ms
2021-12-11 11:39:14,938 INFO com.revture.project2.reimbursement.aop.LoggingAspect [http-nio-8080-exec-10] BOOKCRUD - Spring Boot Logging AOP EXAMPLE - Execution time of UsersServicEmpliment.logIn :: 2 ms
2021-12-11 11:39:18,479 INFO com.revture.project2.reimbursement.aop.LoggingAspect [http-nio-8080-exec-2] BOOKCRUD - Spring Boot Logging AOP EXAMPLE - Execution time of RequestServicEmpliment.userPendingRequestes :: 1 ms
2021-12-11 11:39:22,073 INFO com.revture.project2.reimbursement.aop.LoggingAspect [http-nio-8080-exec-3] BOOKCRUD - Spring Boot Logging AOP EXAMPLE - Execution time of RequestServicEmpliment.userPendingRequestes :: 3 ms
2021-12-11 11:39:22,692 INFO com.revture.project2.reimbursement.aop.LoggingAspect [http-nio-8080-exec-4] BOOKCRUD - Spring Boot Logging AOP EXAMPLE - Execution time of RequestServicEmpliment.userResolveRequest :: 10 ms
2021-12-11 11:39:24,505 INFO com.revture.project2.reimbursement.aop.LoggingAspect [http-nio-8080-exec-5] BOOKCRUD - Spring Boot Logging AOP EXAMPLE - Execution time of RequestServicEmpliment.userPendingRequestes :: 1 ms
2021-12-11 11:39:35,841 INFO com.revture.project2.reimbursement.aop.LoggingAspect [http-nio-8080-exec-8] BOOKCRUD - Spring Boot Logging AOP EXAMPLE - Execution time of RequestServicEmpliment.addRequest :: 118 ms
2021-12-11 11:39:37,893 INFO com.revture.project2.reimbursement.aop.LoggingAspect [http-nio-8080-exec-10] BOOKCRUD - Spring Boot Logging AOP EXAMPLE - Execution time of RequestServicEmpliment.userPendingRequestes :: 1 ms
2021-12-11 11:39:41,003 INFO com.revture.project2.reimbursement.aop.LoggingAspect [http-nio-8080-exec-1] BOOKCRUD - Spring Boot Logging AOP EXAMPLE - Execution time of RequestServicEmpliment.userResolveRequest :: 2 ms
2021-12-11 11:39:42,209 INFO com.revture.project2.reimbursement.aop.LoggingAspect [http-nio-8080-exec-2] BOOKCRUD - Spring Boot Logging AOP EXAMPLE - Execution time of RequestServicEmpliment.userPendingRequestes :: 1 ms
2021-12-11 11:39:51,188 INFO com.revture.project2.reimbursement.aop.LoggingAspect [http-nio-8080-exec-4] BOOKCRUD - Spring Boot Logging AOP EXAMPLE - Execution time of UsersServicEmpliment.logIn :: 1 ms
2021-12-11 11:39:51,339 INFO com.revture.project2.reimbursement.aop.LoggingAspect [http-nio-8080-exec-5] BOOKCRUD - Spring Boot Logging AOP EXAMPLE - Execution time of RequestServicEmpliment.allPendingRequsts :: 12 ms
2021-12-11 11:40:17,844 INFO com.revture.project2.reimbursement.aop.LoggingAspect [http-nio-8080-exec-6] BOOKCRUD - Spring Boot Logging AOP EXAMPLE - Execution time of UsersServicEmpliment.allEmployees :: 12 ms
2021-12-11 11:40:20,810 INFO com.revture.project2.reimbursement.aop.LoggingAspect [http-nio-8080-exec-7] BOOKCRUD - Spring Boot Logging AOP EXAMPLE - Execution time of RequestServicEmpliment.allPendingRequsts :: 1 ms
2021-12-11 13:58:17,302 INFO com.revture.project2.reimbursement.aop.LoggingAspect [http-nio-8080-exec-9] BOOKCRUD - Spring Boot Logging AOP EXAMPLE - Execution time of UsersServicEmpliment.logIn :: 130 ms
2021-12-11 13:58:24,024 INFO com.revture.project2.reimbursement.aop.LoggingAspect [http-nio-8080-exec-10] BOOKCRUD - Spring Boot Logging AOP EXAMPLE - Execution time of RequestServicEmpliment.userPendingRequestes :: 12 ms
2021-12-11 13:58:25,376 INFO com.revture.project2.reimbursement.aop.LoggingAspect [http-nio-8080-exec-2] BOOKCRUD - Spring Boot Logging AOP EXAMPLE - Execution time of RequestServicEmpliment.userResolveRequest :: 8 ms
2021-12-11 13:58:28,073 INFO com.revture.project2.reimbursement.aop.LoggingAspect [http-nio-8080-exec-3] BOOKCRUD - Spring Boot Logging AOP EXAMPLE - Execution time of UsersServicEmpliment.getUserById :: 73 ms
2021-12-11 13:59:06,122 INFO com.revture.project2.reimbursement.aop.LoggingAspect [http-nio-8080-exec-5] BOOKCRUD - Spring Boot Logging AOP EXAMPLE - Execution time of RequestServicEmpliment.userPendingRequestes :: 2 ms
2021-12-11 13:59:07,387 INFO com.revture.project2.reimbursement.aop.LoggingAspect [http-nio-8080-exec-6] BOOKCRUD - Spring Boot Logging AOP EXAMPLE - Execution time of RequestServicEmpliment.userResolveRequest :: 1 ms
2021-12-11 13:59:13,946 INFO com.revture.project2.reimbursement.aop.LoggingAspect [http-nio-8080-exec-7] BOOKCRUD - Spring Boot Logging AOP EXAMPLE - Execution time of UsersServicEmpliment.getUserById :: 1 ms
2021-12-11 14:00:13,586 INFO com.revture.project2.reimbursement.aop.LoggingAspect [http-nio-8080-exec-9] BOOKCRUD - Spring Boot Logging AOP EXAMPLE - Execution time of RequestServicEmpliment.userPendingRequestes :: 1 ms
2021-12-11 16:26:17,297 INFO com.revture.project2.reimbursement.aop.LoggingAspect [http-nio-8080-exec-1] BOOKCRUD - Spring Boot Logging AOP EXAMPLE - Execution time of UsersServicEmpliment.logIn :: 122 ms
2021-12-11 16:26:20,477 INFO com.revture.project2.reimbursement.aop.LoggingAspect [http-nio-8080-exec-2] BOOKCRUD - Spring Boot Logging AOP EXAMPLE - Execution time of RequestServicEmpliment.userPendingRequestes :: 11 ms
2021-12-11 16:26:21,327 INFO com.revture.project2.reimbursement.aop.LoggingAspect [http-nio-8080-exec-3] BOOKCRUD - Spring Boot Logging AOP EXAMPLE - Execution time of RequestServicEmpliment.userResolveRequest :: 9 ms
2021-12-11 16:26:34,157 INFO com.revture.project2.reimbursement.aop.LoggingAspect [http-nio-8080-exec-5] BOOKCRUD - Spring Boot Logging AOP EXAMPLE - Execution time of UsersServicEmpliment.logIn :: 0 ms
2021-12-11 16:26:34,326 INFO com.revture.project2.reimbursement.aop.LoggingAspect [http-nio-8080-exec-6] BOOKCRUD - Spring Boot Logging AOP EXAMPLE - Execution time of RequestServicEmpliment.allPendingRequsts :: 24 ms
2021-12-11 16:26:47,930 INFO com.revture.project2.reimbursement.aop.LoggingAspect [http-nio-8080-exec-8] BOOKCRUD - Spring Boot Logging AOP EXAMPLE - Execution time of UsersServicEmpliment.logIn :: 3 ms
2021-12-11 16:26:51,686 INFO com.revture.project2.reimbursement.aop.LoggingAspect [http-nio-8080-exec-10] BOOKCRUD - Spring Boot Logging AOP EXAMPLE - Execution time of UsersServicEmpliment.logIn :: 1 ms
2021-12-11 16:26:55,795 INFO com.revture.project2.reimbursement.aop.LoggingAspect [http-nio-8080-exec-2] BOOKCRUD - Spring Boot Logging AOP EXAMPLE - Execution time of RequestServicEmpliment.userPendingRequestes :: 1 ms
2021-12-11 16:27:08,627 INFO com.revture.project2.reimbursement.aop.LoggingAspect [http-nio-8080-exec-4] BOOKCRUD - Spring Boot Logging AOP EXAMPLE - Execution time of RequestServicEmpliment.userResolveRequest :: 1 ms
2021-12-11 16:27:10,882 INFO com.revture.project2.reimbursement.aop.LoggingAspect [http-nio-8080-exec-6] BOOKCRUD - Spring Boot Logging AOP EXAMPLE - Execution time of RequestServicEmpliment.userPendingRequestes :: 1 ms
2021-12-11 16:27:17,895 INFO com.revture.project2.reimbursement.aop.LoggingAspect [http-nio-8080-exec-8] BOOKCRUD - Spring Boot Logging AOP EXAMPLE - Execution time of RequestServicEmpliment.userPendingRequestes :: 1 ms
2021-12-11 16:27:18,757 INFO com.revture.project2.reimbursement.aop.LoggingAspect [http-nio-8080-exec-9] BOOKCRUD - Spring Boot Logging AOP EXAMPLE - Execution time of RequestServicEmpliment.userResolveRequest :: 2 ms
2021-12-11 16:27:19,654 INFO com.revture.project2.reimbursement.aop.LoggingAspect [http-nio-8080-exec-1] BOOKCRUD - Spring Boot Logging AOP EXAMPLE - Execution time of UsersServicEmpliment.getUserById :: 46 ms
2021-12-11 16:27:31,398 INFO com.revture.project2.reimbursement.aop.LoggingAspect [http-nio-8080-exec-3] BOOKCRUD - Spring Boot Logging AOP EXAMPLE - Execution time of UsersServicEmpliment.logIn :: 1 ms
2021-12-11 16:27:31,540 INFO com.revture.project2.reimbursement.aop.LoggingAspect [http-nio-8080-exec-4] BOOKCRUD - Spring Boot Logging AOP EXAMPLE - Execution time of RequestServicEmpliment.allPendingRequsts :: 1 ms
2021-12-11 16:27:33,691 INFO com.revture.project2.reimbursement.aop.LoggingAspect [http-nio-8080-exec-5] BOOKCRUD - Spring Boot Logging AOP EXAMPLE - Execution time of RequestServicEmpliment.allPendingRequsts :: 1 ms
2021-12-11 16:27:48,150 INFO com.revture.project2.reimbursement.aop.LoggingAspect [http-nio-8080-exec-7] BOOKCRUD - Spring Boot Logging AOP EXAMPLE - Execution time of UsersServicEmpliment.allEmployees :: 13 ms
2021-12-11 16:28:25,588 INFO com.revture.project2.reimbursement.aop.LoggingAspect [http-nio-8080-exec-9] BOOKCRUD - Spring Boot Logging AOP EXAMPLE - Execution time of RequestServicEmpliment.allPendingRequsts :: 1 ms
2021-12-11 16:28:31,321 INFO com.revture.project2.reimbursement.aop.LoggingAspect [http-nio-8080-exec-1] BOOKCRUD - Spring Boot Logging AOP EXAMPLE - Execution time of RequestServicEmpliment.allPendingRequsts :: 1 ms
2021-12-11 16:28:37,427 INFO com.revture.project2.reimbursement.aop.LoggingAspect [http-nio-8080-exec-3] BOOKCRUD - Spring Boot Logging AOP EXAMPLE - Execution time of UsersServicEmpliment.allEmployees :: 6 ms
2021-12-11 16:28:57,427 INFO com.revture.project2.reimbursement.aop.LoggingAspect [http-nio-8080-exec-5] BOOKCRUD - Spring Boot Logging AOP EXAMPLE - Execution time of RequestServicEmpliment.allPendingRequsts :: 6 ms
2021-12-11 16:28:59,076 INFO com.revture.project2.reimbursement.aop.LoggingAspect [http-nio-8080-exec-7] BOOKCRUD - Spring Boot Logging AOP EXAMPLE - Execution time of RequestServicEmpliment.allResolvedRequsts :: 4 ms
2021-12-11 16:28:59,701 INFO com.revture.project2.reimbursement.aop.LoggingAspect [http-nio-8080-exec-8] BOOKCRUD - Spring Boot Logging AOP EXAMPLE - Execution time of RequestServicEmpliment.allPendingRequsts :: 1 ms
2021-12-11 16:29:05,747 INFO com.revture.project2.reimbursement.aop.LoggingAspect [http-nio-8080-exec-10] BOOKCRUD - Spring Boot Logging AOP EXAMPLE - Execution time of RequestServicEmpliment.allPendingRequsts :: 1 ms
2021-12-11 16:29:06,609 INFO com.revture.project2.reimbursement.aop.LoggingAspect [http-nio-8080-exec-1] BOOKCRUD - Spring Boot Logging AOP EXAMPLE - Execution time of RequestServicEmpliment.allResolvedRequsts :: 2 ms
2021-12-11 16:29:08,275 INFO com.revture.project2.reimbursement.aop.LoggingAspect [http-nio-8080-exec-2] BOOKCRUD - Spring Boot Logging AOP EXAMPLE - Execution time of RequestServicEmpliment.allPendingRequsts :: 1 ms
2021-12-11 16:29:08,818 INFO com.revture.project2.reimbursement.aop.LoggingAspect [http-nio-8080-exec-3] BOOKCRUD - Spring Boot Logging AOP EXAMPLE - Execution time of UsersServicEmpliment.allEmployees :: 3 ms
2021-12-11 16:29:11,500 INFO com.revture.project2.reimbursement.aop.LoggingAspect [http-nio-8080-exec-5] BOOKCRUD - Spring Boot Logging AOP EXAMPLE - Execution time of RequestServicEmpliment.allPendingRequsts :: 1 ms
2021-12-11 16:29:18,446 INFO com.revture.project2.reimbursement.aop.LoggingAspect [http-nio-8080-exec-7] BOOKCRUD - Spring Boot Logging AOP EXAMPLE - Execution time of UsersServicEmpliment.allEmployees :: 2 ms
2021-12-11 16:29:29,624 INFO com.revture.project2.reimbursement.aop.LoggingAspect [http-nio-8080-exec-9] BOOKCRUD - Spring Boot Logging AOP EXAMPLE - Execution time of UsersServicEmpliment.allEmployees :: 4 ms
2021-12-11 20:25:39,590 INFO com.revture.project2.reimbursement.aop.LoggingAspect [http-nio-8080-exec-1] BOOKCRUD - Spring Boot Logging AOP EXAMPLE - Execution time of UsersServicEmpliment.logIn :: 214 ms
2021-12-11 20:25:43,730 INFO com.revture.project2.reimbursement.aop.LoggingAspect [http-nio-8080-exec-3] BOOKCRUD - Spring Boot Logging AOP EXAMPLE - Execution time of RequestServicEmpliment.userPendingRequestes :: 17 ms
2021-12-11 20:25:44,870 INFO com.revture.project2.reimbursement.aop.LoggingAspect [http-nio-8080-exec-4] BOOKCRUD - Spring Boot Logging AOP EXAMPLE - Execution time of RequestServicEmpliment.userResolveRequest :: 11 ms
2021-12-11 20:25:48,453 INFO com.revture.project2.reimbursement.aop.LoggingAspect [http-nio-8080-exec-6] BOOKCRUD - Spring Boot Logging AOP EXAMPLE - Execution time of UsersServicEmpliment.getUserById :: 68 ms
2021-12-11 20:25:59,095 INFO com.revture.project2.reimbursement.aop.LoggingAspect [http-nio-8080-exec-8] BOOKCRUD - Spring Boot Logging AOP EXAMPLE - Execution time of UsersServicEmpliment.logIn :: 1 ms
2021-12-11 20:25:59,245 INFO com.revture.project2.reimbursement.aop.LoggingAspect [http-nio-8080-exec-9] BOOKCRUD - Spring Boot Logging AOP EXAMPLE - Execution time of RequestServicEmpliment.allPendingRequsts :: 31 ms
2021-12-11 20:26:02,607 INFO com.revture.project2.reimbursement.aop.LoggingAspect [http-nio-8080-exec-1] BOOKCRUD - Spring Boot Logging AOP EXAMPLE - Execution time of RequestServicEmpliment.allResolvedRequsts :: 10 ms
2021-12-11 20:26:07,837 INFO com.revture.project2.reimbursement.aop.LoggingAspect [http-nio-8080-exec-2] BOOKCRUD - Spring Boot Logging AOP EXAMPLE - Execution time of RequestServicEmpliment.allPendingRequsts :: 3 ms
