2021-12-10 08:00:27,845 INFO org.apache.juli.logging.DirectJDKLog [http-nio-8080-exec-1] Initializing Spring DispatcherServlet 'dispatcherServlet'
2021-12-10 08:00:28,022 INFO org.springframework.web.servlet.FrameworkServlet [http-nio-8080-exec-1] Initializing Servlet 'dispatcherServlet'
2021-12-10 08:00:28,321 INFO org.springframework.web.servlet.FrameworkServlet [http-nio-8080-exec-1] Completed initialization in 297 ms
2021-12-10 08:00:28,937 INFO com.revture.project2.reimbursement.aop.LoggingAspect [http-nio-8080-exec-2] BOOKCRUD - Spring Boot Logging AOP EXAMPLE - Execution time of UsersServicEmpliment.logIn :: 336 ms
2021-12-10 08:00:29,167 INFO com.revture.project2.reimbursement.aop.LoggingAspect [http-nio-8080-exec-3] BOOKCRUD - Spring Boot Logging AOP EXAMPLE - Execution time of RequestServicEmpliment.allPendingRequsts :: 106 ms
2021-12-10 08:01:12,146 INFO com.revture.project2.reimbursement.aop.LoggingAspect [http-nio-8080-exec-5] BOOKCRUD - Spring Boot Logging AOP EXAMPLE - Execution time of UsersServicEmpliment.allEmployees :: 147 ms
2021-12-10 08:01:14,214 INFO com.revture.project2.reimbursement.aop.LoggingAspect [http-nio-8080-exec-7] BOOKCRUD - Spring Boot Logging AOP EXAMPLE - Execution time of RequestServicEmpliment.allPendingRequsts :: 4 ms
2021-12-10 08:01:32,170 INFO com.revture.project2.reimbursement.aop.LoggingAspect [http-nio-8080-exec-9] BOOKCRUD - Spring Boot Logging AOP EXAMPLE - Execution time of RequestServicEmpliment.allPendingRequsts :: 2 ms
2021-12-10 08:01:33,462 INFO com.revture.project2.reimbursement.aop.LoggingAspect [http-nio-8080-exec-1] BOOKCRUD - Spring Boot Logging AOP EXAMPLE - Execution time of RequestServicEmpliment.allResolvedRequsts :: 26 ms
2021-12-10 08:01:56,873 INFO com.revture.project2.reimbursement.aop.LoggingAspect [http-nio-8080-exec-3] BOOKCRUD - Spring Boot Logging AOP EXAMPLE - Execution time of RequestServicEmpliment.allPendingRequsts :: 3 ms
2021-12-10 08:02:02,763 INFO com.revture.project2.reimbursement.aop.LoggingAspect [http-nio-8080-exec-5] BOOKCRUD - Spring Boot Logging AOP EXAMPLE - Execution time of UsersServicEmpliment.allEmployees :: 5 ms
2021-12-10 08:03:09,623 INFO com.revture.project2.reimbursement.aop.LoggingAspect [http-nio-8080-exec-7] BOOKCRUD - Spring Boot Logging AOP EXAMPLE - Execution time of RequestServicEmpliment.allPendingRequsts :: 3 ms
2021-12-10 08:03:13,849 INFO com.revture.project2.reimbursement.aop.LoggingAspect [http-nio-8080-exec-9] BOOKCRUD - Spring Boot Logging AOP EXAMPLE - Execution time of UsersServicEmpliment.allEmployees :: 4 ms
2021-12-10 08:03:38,221 INFO com.revture.project2.reimbursement.aop.LoggingAspect [http-nio-8080-exec-1] BOOKCRUD - Spring Boot Logging AOP EXAMPLE - Execution time of RequestServicEmpliment.allPendingRequsts :: 6 ms
2021-12-10 08:03:45,738 INFO com.revture.project2.reimbursement.aop.LoggingAspect [http-nio-8080-exec-3] BOOKCRUD - Spring Boot Logging AOP EXAMPLE - Execution time of RequestServicEmpliment.allPendingRequsts :: 2 ms
2021-12-10 08:03:46,471 INFO com.revture.project2.reimbursement.aop.LoggingAspect [http-nio-8080-exec-4] BOOKCRUD - Spring Boot Logging AOP EXAMPLE - Execution time of UsersServicEmpliment.allEmployees :: 3 ms
2021-12-10 09:20:19,580 INFO com.revture.project2.reimbursement.aop.LoggingAspect [http-nio-8080-exec-6] BOOKCRUD - Spring Boot Logging AOP EXAMPLE - Execution time of RequestServicEmpliment.allPendingRequsts :: 311 ms
2021-12-10 09:20:24,708 INFO com.revture.project2.reimbursement.aop.LoggingAspect [http-nio-8080-exec-7] BOOKCRUD - Spring Boot Logging AOP EXAMPLE - Execution time of UsersServicEmpliment.allEmployees :: 69 ms
2021-12-10 09:20:51,645 INFO com.revture.project2.reimbursement.aop.LoggingAspect [http-nio-8080-exec-9] BOOKCRUD - Spring Boot Logging AOP EXAMPLE - Execution time of RequestServicEmpliment.allPendingRequsts :: 10 ms
2021-12-10 09:21:02,069 INFO com.revture.project2.reimbursement.aop.LoggingAspect [http-nio-8080-exec-1] BOOKCRUD - Spring Boot Logging AOP EXAMPLE - Execution time of RequestServicEmpliment.allPendingRequsts :: 4 ms
2021-12-10 09:21:06,003 INFO com.revture.project2.reimbursement.aop.LoggingAspect [http-nio-8080-exec-3] BOOKCRUD - Spring Boot Logging AOP EXAMPLE - Execution time of UsersServicEmpliment.allEmployees :: 23 ms
2021-12-10 09:21:11,974 INFO com.revture.project2.reimbursement.aop.LoggingAspect [http-nio-8080-exec-4] BOOKCRUD - Spring Boot Logging AOP EXAMPLE - Execution time of RequestServicEmpliment.allPendingRequsts :: 3 ms
2021-12-10 09:21:13,059 INFO com.revture.project2.reimbursement.aop.LoggingAspect [http-nio-8080-exec-5] BOOKCRUD - Spring Boot Logging AOP EXAMPLE - Execution time of UsersServicEmpliment.allEmployees :: 7 ms
2021-12-10 09:21:24,348 INFO com.revture.project2.reimbursement.aop.LoggingAspect [http-nio-8080-exec-7] BOOKCRUD - Spring Boot Logging AOP EXAMPLE - Execution time of RequestServicEmpliment.allPendingRequsts :: 7 ms
2021-12-10 09:21:26,228 INFO com.revture.project2.reimbursement.aop.LoggingAspect [http-nio-8080-exec-9] BOOKCRUD - Spring Boot Logging AOP EXAMPLE - Execution time of RequestServicEmpliment.allPendingRequsts :: 5 ms
2021-12-10 09:21:27,127 INFO com.revture.project2.reimbursement.aop.LoggingAspect [http-nio-8080-exec-10] BOOKCRUD - Spring Boot Logging AOP EXAMPLE - Execution time of UsersServicEmpliment.allEmployees :: 39 ms
2021-12-10 16:56:48,961 INFO com.revture.project2.reimbursement.aop.LoggingAspect [http-nio-8080-exec-2] BOOKCRUD - Spring Boot Logging AOP EXAMPLE - Execution time of UsersServicEmpliment.logIn :: 154 ms
2021-12-10 17:27:17,175 INFO com.revture.project2.reimbursement.aop.LoggingAspect [http-nio-8080-exec-5] BOOKCRUD - Spring Boot Logging AOP EXAMPLE - Execution time of UsersServicEmpliment.logIn :: 134 ms
2021-12-10 17:27:21,616 INFO com.revture.project2.reimbursement.aop.LoggingAspect [http-nio-8080-exec-6] BOOKCRUD - Spring Boot Logging AOP EXAMPLE - Execution time of RequestServicEmpliment.userPendingRequestes :: 130 ms
2021-12-10 17:27:23,124 INFO com.revture.project2.reimbursement.aop.LoggingAspect [http-nio-8080-exec-7] BOOKCRUD - Spring Boot Logging AOP EXAMPLE - Execution time of RequestServicEmpliment.userResolveRequest :: 38 ms
2021-12-10 17:27:27,698 INFO com.revture.project2.reimbursement.aop.LoggingAspect [http-nio-8080-exec-8] BOOKCRUD - Spring Boot Logging AOP EXAMPLE - Execution time of UsersServicEmpliment.getUserById :: 52 ms
2021-12-10 17:29:57,921 INFO com.revture.project2.reimbursement.aop.LoggingAspect [http-nio-8080-exec-10] BOOKCRUD - Spring Boot Logging AOP EXAMPLE - Execution time of UsersServicEmpliment.logIn :: 43 ms
2021-12-10 17:30:53,029 INFO com.revture.project2.reimbursement.aop.LoggingAspect [http-nio-8080-exec-2] BOOKCRUD - Spring Boot Logging AOP EXAMPLE - Execution time of UsersServicEmpliment.logIn :: 1 ms
2021-12-10 17:31:46,034 INFO com.revture.project2.reimbursement.aop.LoggingAspect [http-nio-8080-exec-4] BOOKCRUD - Spring Boot Logging AOP EXAMPLE - Execution time of UsersServicEmpliment.logIn :: 2 ms
2021-12-10 17:32:26,925 INFO com.revture.project2.reimbursement.aop.LoggingAspect [http-nio-8080-exec-6] BOOKCRUD - Spring Boot Logging AOP EXAMPLE - Execution time of RequestServicEmpliment.userPendingRequestes :: 4 ms
2021-12-10 17:32:27,546 INFO com.revture.project2.reimbursement.aop.LoggingAspect [http-nio-8080-exec-7] BOOKCRUD - Spring Boot Logging AOP EXAMPLE - Execution time of RequestServicEmpliment.userResolveRequest :: 16 ms
2021-12-10 17:32:28,404 INFO com.revture.project2.reimbursement.aop.LoggingAspect [http-nio-8080-exec-8] BOOKCRUD - Spring Boot Logging AOP EXAMPLE - Execution time of UsersServicEmpliment.getUserById :: 35 ms
2021-12-10 17:34:37,588 INFO com.revture.project2.reimbursement.aop.LoggingAspect [http-nio-8080-exec-10] BOOKCRUD - Spring Boot Logging AOP EXAMPLE - Execution time of UsersServicEmpliment.logIn :: 12 ms
2021-12-10 17:38:00,759 INFO com.revture.project2.reimbursement.aop.LoggingAspect [http-nio-8080-exec-2] BOOKCRUD - Spring Boot Logging AOP EXAMPLE - Execution time of UsersServicEmpliment.logIn :: 21 ms
2021-12-10 17:40:20,174 INFO com.revture.project2.reimbursement.aop.LoggingAspect [http-nio-8080-exec-4] BOOKCRUD - Spring Boot Logging AOP EXAMPLE - Execution time of UsersServicEmpliment.logIn :: 79 ms
2021-12-10 17:45:00,836 INFO com.revture.project2.reimbursement.aop.LoggingAspect [http-nio-8080-exec-6] BOOKCRUD - Spring Boot Logging AOP EXAMPLE - Execution time of UsersServicEmpliment.logIn :: 19 ms
2021-12-10 17:45:00,916 INFO com.revture.project2.reimbursement.aop.LoggingAspect [http-nio-8080-exec-7] BOOKCRUD - Spring Boot Logging AOP EXAMPLE - Execution time of RequestServicEmpliment.allPendingRequsts :: 43 ms
2021-12-10 17:45:13,657 INFO com.revture.project2.reimbursement.aop.LoggingAspect [http-nio-8080-exec-9] BOOKCRUD - Spring Boot Logging AOP EXAMPLE - Execution time of UsersServicEmpliment.allEmployees :: 48 ms
2021-12-10 17:45:14,600 INFO com.revture.project2.reimbursement.aop.LoggingAspect [http-nio-8080-exec-10] BOOKCRUD - Spring Boot Logging AOP EXAMPLE - Execution time of RequestServicEmpliment.allPendingRequsts :: 2 ms
2021-12-10 17:45:16,082 INFO com.revture.project2.reimbursement.aop.LoggingAspect [http-nio-8080-exec-2] BOOKCRUD - Spring Boot Logging AOP EXAMPLE - Execution time of RequestServicEmpliment.allResolvedRequsts :: 7 ms
2021-12-10 17:45:17,088 INFO com.revture.project2.reimbursement.aop.LoggingAspect [http-nio-8080-exec-3] BOOKCRUD - Spring Boot Logging AOP EXAMPLE - Execution time of RequestServicEmpliment.allPendingRequsts :: 1 ms
2021-12-10 17:45:23,166 INFO com.revture.project2.reimbursement.aop.LoggingAspect [http-nio-8080-exec-4] BOOKCRUD - Spring Boot Logging AOP EXAMPLE - Execution time of UsersServicEmpliment.allEmployees :: 3 ms
2021-12-10 17:47:15,766 INFO com.revture.project2.reimbursement.aop.LoggingAspect [http-nio-8080-exec-6] BOOKCRUD - Spring Boot Logging AOP EXAMPLE - Execution time of UsersServicEmpliment.allEmployees :: 3 ms
2021-12-10 17:48:10,835 INFO com.revture.project2.reimbursement.aop.LoggingAspect [http-nio-8080-exec-8] BOOKCRUD - Spring Boot Logging AOP EXAMPLE - Execution time of UsersServicEmpliment.logIn :: 2 ms
2021-12-10 17:50:37,986 INFO com.revture.project2.reimbursement.aop.LoggingAspect [http-nio-8080-exec-10] BOOKCRUD - Spring Boot Logging AOP EXAMPLE - Execution time of UsersServicEmpliment.logIn :: 3 ms
2021-12-10 17:52:07,962 INFO com.revture.project2.reimbursement.aop.LoggingAspect [http-nio-8080-exec-2] BOOKCRUD - Spring Boot Logging AOP EXAMPLE - Execution time of UsersServicEmpliment.logIn :: 2 ms
2021-12-10 17:52:24,331 INFO com.revture.project2.reimbursement.aop.LoggingAspect [http-nio-8080-exec-4] BOOKCRUD - Spring Boot Logging AOP EXAMPLE - Execution time of UsersServicEmpliment.logIn :: 3 ms
2021-12-10 17:52:24,528 INFO com.revture.project2.reimbursement.aop.LoggingAspect [http-nio-8080-exec-5] BOOKCRUD - Spring Boot Logging AOP EXAMPLE - Execution time of RequestServicEmpliment.allPendingRequsts :: 37 ms
2021-12-10 20:30:20,468 INFO com.revture.project2.reimbursement.aop.LoggingAspect [http-nio-8080-exec-8] BOOKCRUD - Spring Boot Logging AOP EXAMPLE - Execution time of UsersServicEmpliment.logIn :: 290 ms
2021-12-10 20:30:28,276 INFO com.revture.project2.reimbursement.aop.LoggingAspect [http-nio-8080-exec-10] BOOKCRUD - Spring Boot Logging AOP EXAMPLE - Execution time of RequestServicEmpliment.userPendingRequestes :: 22 ms
2021-12-10 20:30:33,001 INFO com.revture.project2.reimbursement.aop.LoggingAspect [http-nio-8080-exec-2] BOOKCRUD - Spring Boot Logging AOP EXAMPLE - Execution time of RequestServicEmpliment.userPendingRequestes :: 3 ms
2021-12-10 20:30:33,729 INFO com.revture.project2.reimbursement.aop.LoggingAspect [http-nio-8080-exec-3] BOOKCRUD - Spring Boot Logging AOP EXAMPLE - Execution time of RequestServicEmpliment.userResolveRequest :: 20 ms
2021-12-10 20:30:37,127 INFO com.revture.project2.reimbursement.aop.LoggingAspect [http-nio-8080-exec-4] BOOKCRUD - Spring Boot Logging AOP EXAMPLE - Execution time of RequestServicEmpliment.userPendingRequestes :: 3 ms
2021-12-10 20:30:45,800 INFO com.revture.project2.reimbursement.aop.LoggingAspect [http-nio-8080-exec-6] BOOKCRUD - Spring Boot Logging AOP EXAMPLE - Execution time of RequestServicEmpliment.userPendingRequestes :: 3 ms
2021-12-10 20:30:48,405 INFO com.revture.project2.reimbursement.aop.LoggingAspect [http-nio-8080-exec-8] BOOKCRUD - Spring Boot Logging AOP EXAMPLE - Execution time of RequestServicEmpliment.userPendingRequestes :: 3 ms
2021-12-10 20:30:48,954 INFO com.revture.project2.reimbursement.aop.LoggingAspect [http-nio-8080-exec-9] BOOKCRUD - Spring Boot Logging AOP EXAMPLE - Execution time of RequestServicEmpliment.userResolveRequest :: 2 ms
2021-12-10 20:30:51,409 INFO com.revture.project2.reimbursement.aop.LoggingAspect [http-nio-8080-exec-10] BOOKCRUD - Spring Boot Logging AOP EXAMPLE - Execution time of UsersServicEmpliment.getUserById :: 90 ms
2021-12-10 20:30:54,983 INFO com.revture.project2.reimbursement.aop.LoggingAspect [http-nio-8080-exec-2] BOOKCRUD - Spring Boot Logging AOP EXAMPLE - Execution time of RequestServicEmpliment.userPendingRequestes :: 3 ms
2021-12-10 20:30:57,774 INFO com.revture.project2.reimbursement.aop.LoggingAspect [http-nio-8080-exec-4] BOOKCRUD - Spring Boot Logging AOP EXAMPLE - Execution time of RequestServicEmpliment.userPendingRequestes :: 3 ms
2021-12-10 20:30:58,537 INFO com.revture.project2.reimbursement.aop.LoggingAspect [http-nio-8080-exec-5] BOOKCRUD - Spring Boot Logging AOP EXAMPLE - Execution time of RequestServicEmpliment.userResolveRequest :: 4 ms
2021-12-10 20:30:59,518 INFO com.revture.project2.reimbursement.aop.LoggingAspect [http-nio-8080-exec-6] BOOKCRUD - Spring Boot Logging AOP EXAMPLE - Execution time of UsersServicEmpliment.getUserById :: 4 ms
2021-12-10 20:31:08,657 INFO com.revture.project2.reimbursement.aop.LoggingAspect [http-nio-8080-exec-8] BOOKCRUD - Spring Boot Logging AOP EXAMPLE - Execution time of RequestServicEmpliment.userResolveRequest :: 3 ms
2021-12-10 20:31:16,948 INFO com.revture.project2.reimbursement.aop.LoggingAspect [http-nio-8080-exec-10] BOOKCRUD - Spring Boot Logging AOP EXAMPLE - Execution time of RequestServicEmpliment.userPendingRequestes :: 3 ms
2021-12-10 20:31:17,873 INFO com.revture.project2.reimbursement.aop.LoggingAspect [http-nio-8080-exec-2] BOOKCRUD - Spring Boot Logging AOP EXAMPLE - Execution time of RequestServicEmpliment.userResolveRequest :: 3 ms
2021-12-10 20:31:23,273 INFO com.revture.project2.reimbursement.aop.LoggingAspect [http-nio-8080-exec-4] BOOKCRUD - Spring Boot Logging AOP EXAMPLE - Execution time of RequestServicEmpliment.userPendingRequestes :: 2 ms
2021-12-10 20:31:23,845 INFO com.revture.project2.reimbursement.aop.LoggingAspect [http-nio-8080-exec-5] BOOKCRUD - Spring Boot Logging AOP EXAMPLE - Execution time of RequestServicEmpliment.userResolveRequest :: 4 ms
2021-12-10 20:31:24,795 INFO com.revture.project2.reimbursement.aop.LoggingAspect [http-nio-8080-exec-6] BOOKCRUD - Spring Boot Logging AOP EXAMPLE - Execution time of UsersServicEmpliment.getUserById :: 29 ms
2021-12-10 20:31:33,769 INFO com.revture.project2.reimbursement.aop.LoggingAspect [http-nio-8080-exec-8] BOOKCRUD - Spring Boot Logging AOP EXAMPLE - Execution time of RequestServicEmpliment.userPendingRequestes :: 2 ms
2021-12-10 20:31:34,296 INFO com.revture.project2.reimbursement.aop.LoggingAspect [http-nio-8080-exec-9] BOOKCRUD - Spring Boot Logging AOP EXAMPLE - Execution time of RequestServicEmpliment.userResolveRequest :: 3 ms
2021-12-10 20:31:34,854 INFO com.revture.project2.reimbursement.aop.LoggingAspect [http-nio-8080-exec-10] BOOKCRUD - Spring Boot Logging AOP EXAMPLE - Execution time of UsersServicEmpliment.getUserById :: 7 ms
2021-12-10 20:31:43,920 INFO com.revture.project2.reimbursement.aop.LoggingAspect [http-nio-8080-exec-2] BOOKCRUD - Spring Boot Logging AOP EXAMPLE - Execution time of UsersServicEmpliment.logIn :: 22 ms
2021-12-10 20:31:44,492 INFO com.revture.project2.reimbursement.aop.LoggingAspect [http-nio-8080-exec-3] BOOKCRUD - Spring Boot Logging AOP EXAMPLE - Execution time of RequestServicEmpliment.allPendingRequsts :: 299 ms
2021-12-10 20:31:50,576 INFO com.revture.project2.reimbursement.aop.LoggingAspect [http-nio-8080-exec-5] BOOKCRUD - Spring Boot Logging AOP EXAMPLE - Execution time of RequestServicEmpliment.allResolvedRequsts :: 3 ms
2021-12-10 20:31:55,821 INFO com.revture.project2.reimbursement.aop.LoggingAspect [http-nio-8080-exec-6] BOOKCRUD - Spring Boot Logging AOP EXAMPLE - Execution time of RequestServicEmpliment.allPendingRequsts :: 3 ms
2021-12-10 20:31:59,186 INFO com.revture.project2.reimbursement.aop.LoggingAspect [http-nio-8080-exec-8] BOOKCRUD - Spring Boot Logging AOP EXAMPLE - Execution time of UsersServicEmpliment.allEmployees :: 20 ms
2021-12-10 20:32:02,122 INFO com.revture.project2.reimbursement.aop.LoggingAspect [http-nio-8080-exec-9] BOOKCRUD - Spring Boot Logging AOP EXAMPLE - Execution time of RequestServicEmpliment.allPendingRequsts :: 3 ms
2021-12-10 20:32:07,187 INFO com.revture.project2.reimbursement.aop.LoggingAspect [http-nio-8080-exec-10] BOOKCRUD - Spring Boot Logging AOP EXAMPLE - Execution time of RequestServicEmpliment.allPendingRequsts :: 5 ms
2021-12-10 20:32:07,741 INFO com.revture.project2.reimbursement.aop.LoggingAspect [http-nio-8080-exec-2] BOOKCRUD - Spring Boot Logging AOP EXAMPLE - Execution time of UsersServicEmpliment.allEmployees :: 4 ms
2021-12-10 20:32:09,283 INFO com.revture.project2.reimbursement.aop.LoggingAspect [http-nio-8080-exec-3] BOOKCRUD - Spring Boot Logging AOP EXAMPLE - Execution time of RequestServicEmpliment.allPendingRequsts :: 3 ms
2021-12-10 20:32:10,686 INFO com.revture.project2.reimbursement.aop.LoggingAspect [http-nio-8080-exec-4] BOOKCRUD - Spring Boot Logging AOP EXAMPLE - Execution time of RequestServicEmpliment.allResolvedRequsts :: 3 ms
2021-12-10 20:50:20,219 INFO com.revture.project2.reimbursement.aop.LoggingAspect [http-nio-8080-exec-6] BOOKCRUD - Spring Boot Logging AOP EXAMPLE - Execution time of UsersServicEmpliment.logIn :: 309 ms
2021-12-10 20:50:25,862 INFO com.revture.project2.reimbursement.aop.LoggingAspect [http-nio-8080-exec-8] BOOKCRUD - Spring Boot Logging AOP EXAMPLE - Execution time of RequestServicEmpliment.userPendingRequestes :: 16 ms
2021-12-10 20:50:28,410 INFO com.revture.project2.reimbursement.aop.LoggingAspect [http-nio-8080-exec-9] BOOKCRUD - Spring Boot Logging AOP EXAMPLE - Execution time of RequestServicEmpliment.userResolveRequest :: 18 ms
2021-12-10 20:50:29,696 INFO com.revture.project2.reimbursement.aop.LoggingAspect [http-nio-8080-exec-10] BOOKCRUD - Spring Boot Logging AOP EXAMPLE - Execution time of UsersServicEmpliment.getUserById :: 76 ms
2021-12-10 20:50:37,088 INFO com.revture.project2.reimbursement.aop.LoggingAspect [http-nio-8080-exec-2] BOOKCRUD - Spring Boot Logging AOP EXAMPLE - Execution time of RequestServicEmpliment.userResolveRequest :: 3 ms
2021-12-10 20:50:38,839 INFO com.revture.project2.reimbursement.aop.LoggingAspect [http-nio-8080-exec-3] BOOKCRUD - Spring Boot Logging AOP EXAMPLE - Execution time of RequestServicEmpliment.userPendingRequestes :: 4 ms
2021-12-10 21:20:01,555 INFO com.revture.project2.reimbursement.aop.LoggingAspect [http-nio-8080-exec-5] BOOKCRUD - Spring Boot Logging AOP EXAMPLE - Execution time of UsersServicEmpliment.logIn :: 327 ms
2021-12-10 21:20:15,797 INFO com.revture.project2.reimbursement.aop.LoggingAspect [http-nio-8080-exec-7] BOOKCRUD - Spring Boot Logging AOP EXAMPLE - Execution time of UsersServicEmpliment.logIn :: 5 ms
2021-12-10 21:20:16,130 INFO com.revture.project2.reimbursement.aop.LoggingAspect [http-nio-8080-exec-8] BOOKCRUD - Spring Boot Logging AOP EXAMPLE - Execution time of RequestServicEmpliment.allPendingRequsts :: 94 ms
2021-12-10 21:22:46,902 INFO com.revture.project2.reimbursement.aop.LoggingAspect [http-nio-8080-exec-10] BOOKCRUD - Spring Boot Logging AOP EXAMPLE - Execution time of UsersServicEmpliment.logIn :: 293 ms
2021-12-10 21:22:50,720 INFO com.revture.project2.reimbursement.aop.LoggingAspect [http-nio-8080-exec-2] BOOKCRUD - Spring Boot Logging AOP EXAMPLE - Execution time of RequestServicEmpliment.userPendingRequestes :: 27 ms
2021-12-10 21:22:51,963 INFO com.revture.project2.reimbursement.aop.LoggingAspect [http-nio-8080-exec-3] BOOKCRUD - Spring Boot Logging AOP EXAMPLE - Execution time of RequestServicEmpliment.userResolveRequest :: 17 ms
2021-12-10 22:35:51,462 INFO com.revture.project2.reimbursement.aop.LoggingAspect [http-nio-8080-exec-5] BOOKCRUD - Spring Boot Logging AOP EXAMPLE - Execution time of UsersServicEmpliment.logIn :: 139 ms
